GROUP,PACKAGE,CLASS,INSTRUCTION_MISSED,INSTRUCTION_COVERED,BRANCH_MISSED,BRANCH_COVERED,LINE_MISSED,LINE_COVERED,COMPLEXITY_MISSED,COMPLEXITY_COVERED,METHOD_MISSED,METHOD_COVERED
startpunkt,us.ullberg.startpunkt.health,KubernetesConnectionHealthCheck,13,107,0,0,3,23,0,3,0,3
startpunkt,us.ullberg.startpunkt.graphql.input,UpdateBookmarkInput,3,0,0,0,1,0,1,0,1,0
startpunkt,us.ullberg.startpunkt.graphql.input,CreateBookmarkInput,3,0,0,0,1,0,1,0,1,0
startpunkt,us.ullberg.startpunkt.graphql.input,CreateApplicationInput,3,0,0,0,1,0,1,0,1,0
startpunkt,us.ullberg.startpunkt.graphql.input,UpdateApplicationInput,3,0,0,0,1,0,1,0,1,0
startpunkt,us.ullberg.startpunkt.messaging,EventBroadcaster,137,359,32,34,62,110,31,15,2,11
startpunkt,us.ullberg.startpunkt.objects,BookmarkResponse,3,52,0,0,2,18,1,7,1,7
startpunkt,us.ullberg.startpunkt.objects,BookmarkGroup,155,0,34,0,30,0,26,0,9,0
startpunkt,us.ullberg.startpunkt.objects,ApplicationResponse,3,79,0,0,2,26,1,9,1,9
startpunkt,us.ullberg.startpunkt.objects,ApplicationGroupList,30,0,4,0,9,0,7,0,5,0
startpunkt,us.ullberg.startpunkt.objects,BookmarkGroupList,30,0,4,0,9,0,7,0,5,0
startpunkt,us.ullberg.startpunkt.objects,ApplicationGroup,164,0,32,0,33,0,28,0,12,0
startpunkt,us.ullberg.startpunkt.objects.theme,ThemeColors,32,24,0,0,14,9,9,3,9,3
startpunkt,us.ullberg.startpunkt.objects.theme,Theme,11,15,0,0,5,6,3,3,3,3
startpunkt,us.ullberg.startpunkt.objects.kubernetes,HajimariApplicationWrapper,0,82,0,2,0,12,0,10,0,9
startpunkt,us.ullberg.startpunkt.objects.kubernetes,IngressApplicationWrapper,2,37,1,3,1,10,1,4,0,3
startpunkt,us.ullberg.startpunkt.objects.kubernetes,GatewayApiHttpRouteWrapper,8,88,4,6,1,20,4,5,0,4
startpunkt,us.ullberg.startpunkt.objects.kubernetes,BaseKubernetesObject,86,399,33,29,20,110,27,38,2,32
startpunkt,us.ullberg.startpunkt.objects.kubernetes,AnnotatedKubernetesObject,72,453,13,33,13,59,13,26,0,16
startpunkt,us.ullberg.startpunkt.objects.kubernetes,RouteApplicationWrapper,9,74,4,6,0,13,4,5,0,4
startpunkt,us.ullberg.startpunkt.objects.kubernetes,IstioVirtualServiceApplicationWrapper,8,79,4,6,1,16,4,5,0,4
startpunkt,us.ullberg.startpunkt.objects.kubernetes,StartpunktApplicationWrapper,130,394,43,31,29,87,32,23,0,18
startpunkt,us.ullberg.startpunkt.objects.bingimage,BingImage,19,27,0,0,9,10,5,5,5,5
startpunkt,us.ullberg.startpunkt.graphql,ConfigGraphQLResource.WebConfig,0,15,0,0,0,6,0,1,0,1
startpunkt,us.ullberg.startpunkt.graphql,ThemeGraphQLResource,0,39,0,0,0,5,0,2,0,2
startpunkt,us.ullberg.startpunkt.graphql,ApplicationGraphQLResource,782,0,92,0,192,0,70,0,24,0
startpunkt,us.ullberg.startpunkt.graphql,I18nGraphQLResource,8,14,0,0,3,5,0,2,0,2
startpunkt,us.ullberg.startpunkt.graphql,IconifyGraphQLResource,168,0,14,0,32,0,10,0,3,0
startpunkt,us.ullberg.startpunkt.graphql,ConfigGraphQLResource.WebSocketConfig,0,6,0,0,0,3,0,1,0,1
startpunkt,us.ullberg.startpunkt.graphql,ConfigGraphQLResource.ConfigResponse,0,12,0,0,0,5,0,1,0,1
startpunkt,us.ullberg.startpunkt.graphql,ConfigGraphQLResource,0,27,0,0,0,3,0,2,0,2
startpunkt,us.ullberg.startpunkt.graphql,BingImageGraphQLResource,27,0,4,0,7,0,4,0,2,0
startpunkt,us.ullberg.startpunkt.graphql,SubscriptionEventEmitter,22,47,4,4,10,17,6,3,2,3
startpunkt,us.ullberg.startpunkt.graphql,BookmarkGraphQLResource,274,54,18,0,59,17,20,3,11,3
startpunkt,us.ullberg.startpunkt.graphql,IconifyGraphQLResource.IconSearchResult,15,0,0,0,6,0,3,0,3,0
startpunkt,us.ullberg.startpunkt.service,KubernetesInformerService.new ResourceEventHandler() {...},0,22,0,0,0,7,0,4,0,4
startpunkt,us.ullberg.startpunkt.service,KubernetesInformerService.new ResourceEventHandler() {...},0,22,0,0,0,7,0,4,0,4
startpunkt,us.ullberg.startpunkt.service,KubernetesInformerService.new ResourceEventHandler() {...},27,6,6,0,9,1,6,1,3,1
startpunkt,us.ullberg.startpunkt.service,KubernetesInformerService.new ResourceEventHandler() {...},27,6,6,0,9,1,6,1,3,1
startpunkt,us.ullberg.startpunkt.service,KubernetesInformerService.new ResourceEventHandler() {...},27,6,6,0,9,1,6,1,3,1
startpunkt,us.ullberg.startpunkt.service,KubernetesInformerService.new ResourceEventHandler() {...},27,6,6,0,9,1,6,1,3,1
startpunkt,us.ullberg.startpunkt.service,I8nService,0,53,0,4,0,13,0,4,0,2
startpunkt,us.ullberg.startpunkt.service,AvailabilityCheckService.new X509TrustManager() {...},8,0,0,0,4,0,4,0,4,0
startpunkt,us.ullberg.startpunkt.service,KubernetesInformerService.new ResourceEventHandler() {...},27,6,6,0,9,1,6,1,3,1
startpunkt,us.ullberg.startpunkt.service,BookmarkService,72,310,21,19,16,87,17,12,1,8
startpunkt,us.ullberg.startpunkt.service,ApplicationCacheService,84,116,13,11,19,29,13,10,4,7
startpunkt,us.ullberg.startpunkt.service,KubernetesInformerService,326,1073,86,84,95,307,76,36,4,23
startpunkt,us.ullberg.startpunkt.service,AvailabilityCheckService,231,219,35,31,55,65,25,22,2,12
startpunkt,us.ullberg.startpunkt.service,BookmarkCacheService,77,123,13,11,17,30,12,11,3,8
startpunkt,us.ullberg.startpunkt.service,BookmarkManagementService,4,187,7,17,2,44,7,12,0,7
startpunkt,us.ullberg.startpunkt.service,ApplicationService,4,187,7,17,2,45,7,12,0,7
startpunkt,us.ullberg.startpunkt.service,BingImageService,196,233,58,34,55,48,40,12,2,4
startpunkt,us.ullberg.startpunkt.service,BingImageService.BingImageData,0,15,0,0,0,1,0,1,0,1
startpunkt,us.ullberg.startpunkt.crd.v1alpha3,BookmarkStatus,3,0,0,0,2,0,1,0,1,0
startpunkt,us.ullberg.startpunkt.crd.v1alpha3,BookmarkList,3,0,0,0,2,0,1,0,1,0
startpunkt,us.ullberg.startpunkt.crd.v1alpha3,BookmarkSpec,316,0,58,0,67,0,49,0,20,0
startpunkt,us.ullberg.startpunkt.crd.v1alpha3,Bookmark,71,0,4,0,18,0,7,0,5,0
startpunkt,us.ullberg.startpunkt.crd.v1alpha3,ApplicationSpec,521,0,84,0,118,0,72,0,30,0
startpunkt,us.ullberg.startpunkt.crd.v1alpha3,ApplicationStatus,3,0,0,0,2,0,1,0,1,0
startpunkt,us.ullberg.startpunkt.crd.v1alpha3,ApplicationList,3,0,0,0,2,0,1,0,1,0
startpunkt,us.ullberg.startpunkt.crd.v1alpha3,Application,110,0,4,0,25,0,9,0,7,0
startpunkt,us.ullberg.startpunkt.crd.v1alpha4,UrlFrom,284,44,60,0,51,18,37,13,7,13
startpunkt,us.ullberg.startpunkt.crd.v1alpha4,BookmarkSpec,210,106,52,6,30,37,32,17,3,17
startpunkt,us.ullberg.startpunkt.crd.v1alpha4,BookmarkList,0,3,0,0,0,2,0,1,0,1
startpunkt,us.ullberg.startpunkt.crd.v1alpha4,ApplicationStatus,3,0,0,0,2,0,1,0,1,0
startpunkt,us.ullberg.startpunkt.crd.v1alpha4,ApplicationList,0,3,0,0,0,2,0,1,0,1
startpunkt,us.ullberg.startpunkt.crd.v1alpha4,Application,107,3,4,0,23,2,8,1,6,1
startpunkt,us.ullberg.startpunkt.crd.v1alpha4,Bookmark,68,3,4,0,17,1,6,1,4,1
startpunkt,us.ullberg.startpunkt.crd.v1alpha4,ApplicationSpec,397,177,89,9,64,62,52,29,4,28
startpunkt,us.ullberg.startpunkt.crd.v1alpha4,BookmarkStatus,3,0,0,0,2,0,1,0,1,0
startpunkt,us.ullberg.startpunkt.graphql.exception,BookmarkConflictException,9,0,0,0,4,0,2,0,2,0
startpunkt,us.ullberg.startpunkt.graphql.exception,ApplicationConflictException,9,0,0,0,4,0,2,0,2,0
startpunkt,us.ullberg.startpunkt.crd.v1alpha1,BookmarkSpec,36,280,27,31,4,63,21,28,0,20
startpunkt,us.ullberg.startpunkt.crd.v1alpha1,ApplicationStatus,0,3,0,0,0,2,0,1,0,1
startpunkt,us.ullberg.startpunkt.crd.v1alpha1,ApplicationList,0,3,0,0,0,2,0,1,0,1
startpunkt,us.ullberg.startpunkt.crd.v1alpha1,BookmarkStatus,0,3,0,0,0,2,0,1,0,1
startpunkt,us.ullberg.startpunkt.crd.v1alpha1,BookmarkList,0,3,0,0,0,2,0,1,0,1
startpunkt,us.ullberg.startpunkt.crd.v1alpha1,Bookmark,0,71,0,4,0,18,0,7,0,5
startpunkt,us.ullberg.startpunkt.crd.v1alpha1,Application,0,73,0,4,0,19,0,7,0,5
startpunkt,us.ullberg.startpunkt.crd.v1alpha1,ApplicationSpec,50,347,38,38,6,75,30,32,0,24
startpunkt,us.ullberg.startpunkt.crd.v1alpha2,ApplicationSpec,470,0,84,0,100,0,69,0,27,0
startpunkt,us.ullberg.startpunkt.crd.v1alpha2,ApplicationList,3,0,0,0,2,0,1,0,1,0
startpunkt,us.ullberg.startpunkt.crd.v1alpha2,Bookmark,71,0,4,0,18,0,7,0,5,0
startpunkt,us.ullberg.startpunkt.crd.v1alpha2,BookmarkSpec,316,0,58,0,67,0,49,0,20,0
startpunkt,us.ullberg.startpunkt.crd.v1alpha2,BookmarkList,3,0,0,0,2,0,1,0,1,0
startpunkt,us.ullberg.startpunkt.crd.v1alpha2,BookmarkStatus,3,0,0,0,2,0,1,0,1,0
startpunkt,us.ullberg.startpunkt.crd.v1alpha2,ApplicationStatus,3,0,0,0,2,0,1,0,1,0
startpunkt,us.ullberg.startpunkt.crd.v1alpha2,Application,91,0,4,0,22,0,8,0,6,0
startpunkt,us.ullberg.startpunkt.graphql.types,BookmarkUpdateEvent,18,18,0,0,8,7,5,3,5,3
startpunkt,us.ullberg.startpunkt.graphql.types,BookmarkUpdateType,0,21,0,0,0,4,0,1,0,1
startpunkt,us.ullberg.startpunkt.graphql.types,ApplicationType,0,70,0,0,0,18,0,2,0,2
startpunkt,us.ullberg.startpunkt.graphql.types,ApplicationGroupType,35,0,0,0,13,0,4,0,4,0
startpunkt,us.ullberg.startpunkt.graphql.types,BookmarkType,0,50,0,0,0,13,0,2,0,2
startpunkt,us.ullberg.startpunkt.graphql.types,ApplicationUpdateEvent,18,18,0,0,8,7,5,3,5,3
startpunkt,us.ullberg.startpunkt.graphql.types,ApplicationUpdateType,0,21,0,0,0,4,0,1,0,1
startpunkt,us.ullberg.startpunkt.graphql.types,BookmarkGroupType,36,0,0,0,13,0,4,0,4,0
